<?xml version="1.0" encoding="UTF-8"?>
<testsuite name="assignment3.CompilerUtilsTypeWordTest" tests="3" skipped="0" failures="0" errors="0" timestamp="2026-01-04T03:53:37" hostname="axiom" time="0.174">
  <properties/>
  <testcase name="isTypeWord: excludes statement starters when requested" classname="assignment3.CompilerUtilsTypeWordTest" time="0.05"/>
  <testcase name="isTypeWord: recognizes class names including current class" classname="assignment3.CompilerUtilsTypeWordTest" time="0.111"/>
  <testcase name="isTypeWord: recognizes primitive types" classname="assignment3.CompilerUtilsTypeWordTest" time="0.005"/>
  <system-out><![CDATA[]]></system-out>
  <system-err><![CDATA[]]></system-err>
</testsuite>
