<?xml version="1.0" encoding="UTF-8"?>
<testsuite name="assignment3.CompilerUtilsIdentifierTest" tests="4" skipped="0" failures="0" errors="0" timestamp="2025-09-25T21:22:00" hostname="codespaces-407bda" time="0.077">
  <properties/>
  <testcase name="accepts_valid_identifiers(Path)" classname="assignment3.CompilerUtilsIdentifierTest" time="0.049"/>
  <testcase name="rejects_invalid_pattern_starting_underscore(Path)" classname="assignment3.CompilerUtilsIdentifierTest" time="0.006"/>
  <testcase name="rejects_when_not_a_word(Path)" classname="assignment3.CompilerUtilsIdentifierTest" time="0.005"/>
  <testcase name="rejects_reserved_words(Path)" classname="assignment3.CompilerUtilsIdentifierTest" time="0.012"/>
  <system-out><![CDATA[]]></system-out>
  <system-err><![CDATA[]]></system-err>
</testsuite>
