<?xml version="1.0" encoding="UTF-8"?>
<testsuite name="assignment3.LiveOak3ParamMismatchTest" tests="2" skipped="0" failures="0" errors="0" timestamp="2025-09-26T17:43:50" hostname="codespaces-828514" time="0.004">
  <properties/>
  <testcase name="parameter type/name mismatch includes position and details" classname="assignment3.LiveOak3ParamMismatchTest" time="0.002"/>
  <testcase name="parameter count mismatch includes expected and actual" classname="assignment3.LiveOak3ParamMismatchTest" time="0.001"/>
  <system-out><![CDATA[]]></system-out>
  <system-err><![CDATA[]]></system-err>
</testsuite>
