<?xml version="1.0" encoding="UTF-8"?>
<testsuite name="assignment3.CompilerUtilsIdentifierTest" tests="4" skipped="0" failures="0" errors="0" timestamp="2025-09-26T22:14:39" hostname="codespaces-d006b6" time="0.246">
  <properties/>
  <testcase name="accepts_valid_identifiers(Path)" classname="assignment3.CompilerUtilsIdentifierTest" time="0.223"/>
  <testcase name="rejects_invalid_pattern_starting_underscore(Path)" classname="assignment3.CompilerUtilsIdentifierTest" time="0.004"/>
  <testcase name="rejects_when_not_a_word(Path)" classname="assignment3.CompilerUtilsIdentifierTest" time="0.002"/>
  <testcase name="rejects_reserved_words(Path)" classname="assignment3.CompilerUtilsIdentifierTest" time="0.009"/>
  <system-out><![CDATA[]]></system-out>
  <system-err><![CDATA[]]></system-err>
</testsuite>
