<?xml version="1.0" encoding="UTF-8"?>
<testsuite name="assignment3.CompilerUtilsTypeWordTest" tests="3" skipped="0" failures="0" errors="0" timestamp="2025-09-26T17:05:01" hostname="codespaces-828514" time="0.029">
  <properties/>
  <testcase name="isTypeWord: excludes statement starters when requested" classname="assignment3.CompilerUtilsTypeWordTest" time="0.016"/>
  <testcase name="isTypeWord: recognizes class names including current class" classname="assignment3.CompilerUtilsTypeWordTest" time="0.01"/>
  <testcase name="isTypeWord: recognizes primitive types" classname="assignment3.CompilerUtilsTypeWordTest" time="0.001"/>
  <system-out><![CDATA[]]></system-out>
  <system-err><![CDATA[]]></system-err>
</testsuite>
