<?xml version="1.0" encoding="UTF-8"?>
<testsuite name="assignment3.StringRuntimeTest" tests="3" skipped="0" failures="0" errors="0" timestamp="2026-01-04T03:53:41" hostname="axiom" time="0.075">
  <properties/>
  <testcase name="concat_two_strings()" classname="assignment3.StringRuntimeTest" time="0.012"/>
  <testcase name="repeat_string_both_orders()" classname="assignment3.StringRuntimeTest" time="0.023"/>
  <testcase name="compare_strings_lt_gt_eq()" classname="assignment3.StringRuntimeTest" time="0.033"/>
  <system-out><![CDATA[]]></system-out>
  <system-err><![CDATA[]]></system-err>
</testsuite>
